Internal ctest changing into directory: D:/private/syncthing/obsidian.dvpsun/3C/misis2025f-25-check-run/misis2025f-25-00-polevoi-d-v/build.check
Test project D:/private/syncthing/obsidian.dvpsun/3C/misis2025f-25-check-run/misis2025f-25-00-polevoi-d-v/build.check
      Start  1: doctest_arrayd
Could not find executable D:/private/syncthing/obsidian.dvpsun/3C/misis2025f-25-check-run/misis2025f-25-00-polevoi-d-v/bin.check/doctest_arrayd.exe
Looked in the following places:
D:/private/syncthing/obsidian.dvpsun/3C/misis2025f-25-check-run/misis2025f-25-00-polevoi-d-v/bin.check/doctest_arrayd.exe
D:/private/syncthing/obsidian.dvpsun/3C/misis2025f-25-check-run/misis2025f-25-00-polevoi-d-v/bin.check/doctest_arrayd.exe.exe
D:/private/syncthing/obsidian.dvpsun/3C/misis2025f-25-check-run/misis2025f-25-00-polevoi-d-v/bin.check/Release/doctest_arrayd.exe
D:/private/syncthing/obsidian.dvpsun/3C/misis2025f-25-check-run/misis2025f-25-00-polevoi-d-v/bin.check/Release/doctest_arrayd.exe.exe
Release/D:/private/syncthing/obsidian.dvpsun/3C/misis2025f-25-check-run/misis2025f-25-00-polevoi-d-v/bin.check/doctest_arrayd.exe
Release/D:/private/syncthing/obsidian.dvpsun/3C/misis2025f-25-check-run/misis2025f-25-00-polevoi-d-v/bin.check/doctest_arrayd.exe.exe
 1/10 Test  #1: doctest_arrayd ...................***Not Run   0.00 sec
      Start  2: doctest_complex
Could not find executable D:/private/syncthing/obsidian.dvpsun/3C/misis2025f-25-check-run/misis2025f-25-00-polevoi-d-v/bin.check/doctest_complex.exe
Looked in the following places:
D:/private/syncthing/obsidian.dvpsun/3C/misis2025f-25-check-run/misis2025f-25-00-polevoi-d-v/bin.check/doctest_complex.exe
D:/private/syncthing/obsidian.dvpsun/3C/misis2025f-25-check-run/misis2025f-25-00-polevoi-d-v/bin.check/doctest_complex.exe.exe
D:/private/syncthing/obsidian.dvpsun/3C/misis2025f-25-check-run/misis2025f-25-00-polevoi-d-v/bin.check/Release/doctest_complex.exe
D:/private/syncthing/obsidian.dvpsun/3C/misis2025f-25-check-run/misis2025f-25-00-polevoi-d-v/bin.check/Release/doctest_complex.exe.exe
Release/D:/private/syncthing/obsidian.dvpsun/3C/misis2025f-25-check-run/misis2025f-25-00-polevoi-d-v/bin.check/doctest_complex.exe
Release/D:/private/syncthing/obsidian.dvpsun/3C/misis2025f-25-check-run/misis2025f-25-00-polevoi-d-v/bin.check/doctest_complex.exe.exe
 2/10 Test  #2: doctest_complex ..................***Not Run   0.00 sec
      Start  3: doctest_complex_io
Could not find executable D:/private/syncthing/obsidian.dvpsun/3C/misis2025f-25-check-run/misis2025f-25-00-polevoi-d-v/bin.check/doctest_complex_io.exe
Looked in the following places:
D:/private/syncthing/obsidian.dvpsun/3C/misis2025f-25-check-run/misis2025f-25-00-polevoi-d-v/bin.check/doctest_complex_io.exe
D:/private/syncthing/obsidian.dvpsun/3C/misis2025f-25-check-run/misis2025f-25-00-polevoi-d-v/bin.check/doctest_complex_io.exe.exe
D:/private/syncthing/obsidian.dvpsun/3C/misis2025f-25-check-run/misis2025f-25-00-polevoi-d-v/bin.check/Release/doctest_complex_io.exe
D:/private/syncthing/obsidian.dvpsun/3C/misis2025f-25-check-run/misis2025f-25-00-polevoi-d-v/bin.check/Release/doctest_complex_io.exe.exe
Release/D:/private/syncthing/obsidian.dvpsun/3C/misis2025f-25-check-run/misis2025f-25-00-polevoi-d-v/bin.check/doctest_complex_io.exe
Release/D:/private/syncthing/obsidian.dvpsun/3C/misis2025f-25-check-run/misis2025f-25-00-polevoi-d-v/bin.check/doctest_complex_io.exe.exe
 3/10 Test  #3: doctest_complex_io ...............***Not Run   0.00 sec
      Start  4: doctest_rational
Could not find executable D:/private/syncthing/obsidian.dvpsun/3C/misis2025f-25-check-run/misis2025f-25-00-polevoi-d-v/bin.check/doctest_rational.exe
Looked in the following places:
D:/private/syncthing/obsidian.dvpsun/3C/misis2025f-25-check-run/misis2025f-25-00-polevoi-d-v/bin.check/doctest_rational.exe
D:/private/syncthing/obsidian.dvpsun/3C/misis2025f-25-check-run/misis2025f-25-00-polevoi-d-v/bin.check/doctest_rational.exe.exe
D:/private/syncthing/obsidian.dvpsun/3C/misis2025f-25-check-run/misis2025f-25-00-polevoi-d-v/bin.check/Release/doctest_rational.exe
D:/private/syncthing/obsidian.dvpsun/3C/misis2025f-25-check-run/misis2025f-25-00-polevoi-d-v/bin.check/Release/doctest_rational.exe.exe
Release/D:/private/syncthing/obsidian.dvpsun/3C/misis2025f-25-check-run/misis2025f-25-00-polevoi-d-v/bin.check/doctest_rational.exe
Release/D:/private/syncthing/obsidian.dvpsun/3C/misis2025f-25-check-run/misis2025f-25-00-polevoi-d-v/bin.check/doctest_rational.exe.exe
 4/10 Test  #4: doctest_rational .................***Not Run   0.00 sec
      Start  5: doctest_rational_io
Could not find executable D:/private/syncthing/obsidian.dvpsun/3C/misis2025f-25-check-run/misis2025f-25-00-polevoi-d-v/bin.check/doctest_rational_io.exe
Looked in the following places:
D:/private/syncthing/obsidian.dvpsun/3C/misis2025f-25-check-run/misis2025f-25-00-polevoi-d-v/bin.check/doctest_rational_io.exe
D:/private/syncthing/obsidian.dvpsun/3C/misis2025f-25-check-run/misis2025f-25-00-polevoi-d-v/bin.check/doctest_rational_io.exe.exe
D:/private/syncthing/obsidian.dvpsun/3C/misis2025f-25-check-run/misis2025f-25-00-polevoi-d-v/bin.check/Release/doctest_rational_io.exe
D:/private/syncthing/obsidian.dvpsun/3C/misis2025f-25-check-run/misis2025f-25-00-polevoi-d-v/bin.check/Release/doctest_rational_io.exe.exe
Release/D:/private/syncthing/obsidian.dvpsun/3C/misis2025f-25-check-run/misis2025f-25-00-polevoi-d-v/bin.check/doctest_rational_io.exe
Release/D:/private/syncthing/obsidian.dvpsun/3C/misis2025f-25-check-run/misis2025f-25-00-polevoi-d-v/bin.check/doctest_rational_io.exe.exe
 5/10 Test  #5: doctest_rational_io ..............***Not Run   0.00 sec
      Start  6: doctest_rational_contracts
Could not find executable D:/private/syncthing/obsidian.dvpsun/3C/misis2025f-25-check-run/misis2025f-25-00-polevoi-d-v/bin.check/doctest_rational_contracts.exe
Looked in the following places:
D:/private/syncthing/obsidian.dvpsun/3C/misis2025f-25-check-run/misis2025f-25-00-polevoi-d-v/bin.check/doctest_rational_contracts.exe
D:/private/syncthing/obsidian.dvpsun/3C/misis2025f-25-check-run/misis2025f-25-00-polevoi-d-v/bin.check/doctest_rational_contracts.exe.exe
D:/private/syncthing/obsidian.dvpsun/3C/misis2025f-25-check-run/misis2025f-25-00-polevoi-d-v/bin.check/Release/doctest_rational_contracts.exe
D:/private/syncthing/obsidian.dvpsun/3C/misis2025f-25-check-run/misis2025f-25-00-polevoi-d-v/bin.check/Release/doctest_rational_contracts.exe.exe
Release/D:/private/syncthing/obsidian.dvpsun/3C/misis2025f-25-check-run/misis2025f-25-00-polevoi-d-v/bin.check/doctest_rational_contracts.exe
Release/D:/private/syncthing/obsidian.dvpsun/3C/misis2025f-25-check-run/misis2025f-25-00-polevoi-d-v/bin.check/doctest_rational_contracts.exe.exe
 6/10 Test  #6: doctest_rational_contracts .......***Not Run   0.00 sec
      Start  7: doctest_queuea
Could not find executable D:/private/syncthing/obsidian.dvpsun/3C/misis2025f-25-check-run/misis2025f-25-00-polevoi-d-v/bin.check/doctest_queuea.exe
Looked in the following places:
D:/private/syncthing/obsidian.dvpsun/3C/misis2025f-25-check-run/misis2025f-25-00-polevoi-d-v/bin.check/doctest_queuea.exe
D:/private/syncthing/obsidian.dvpsun/3C/misis2025f-25-check-run/misis2025f-25-00-polevoi-d-v/bin.check/doctest_queuea.exe.exe
D:/private/syncthing/obsidian.dvpsun/3C/misis2025f-25-check-run/misis2025f-25-00-polevoi-d-v/bin.check/Release/doctest_queuea.exe
D:/private/syncthing/obsidian.dvpsun/3C/misis2025f-25-check-run/misis2025f-25-00-polevoi-d-v/bin.check/Release/doctest_queuea.exe.exe
Release/D:/private/syncthing/obsidian.dvpsun/3C/misis2025f-25-check-run/misis2025f-25-00-polevoi-d-v/bin.check/doctest_queuea.exe
Release/D:/private/syncthing/obsidian.dvpsun/3C/misis2025f-25-check-run/misis2025f-25-00-polevoi-d-v/bin.check/doctest_queuea.exe.exe
 7/10 Test  #7: doctest_queuea ...................***Not Run   0.00 sec
      Start  8: doctest_queuel
Could not find executable D:/private/syncthing/obsidian.dvpsun/3C/misis2025f-25-check-run/misis2025f-25-00-polevoi-d-v/bin.check/doctest_queuel.exe
Looked in the following places:
D:/private/syncthing/obsidian.dvpsun/3C/misis2025f-25-check-run/misis2025f-25-00-polevoi-d-v/bin.check/doctest_queuel.exe
D:/private/syncthing/obsidian.dvpsun/3C/misis2025f-25-check-run/misis2025f-25-00-polevoi-d-v/bin.check/doctest_queuel.exe.exe
D:/private/syncthing/obsidian.dvpsun/3C/misis2025f-25-check-run/misis2025f-25-00-polevoi-d-v/bin.check/Release/doctest_queuel.exe
D:/private/syncthing/obsidian.dvpsun/3C/misis2025f-25-check-run/misis2025f-25-00-polevoi-d-v/bin.check/Release/doctest_queuel.exe.exe
Release/D:/private/syncthing/obsidian.dvpsun/3C/misis2025f-25-check-run/misis2025f-25-00-polevoi-d-v/bin.check/doctest_queuel.exe
Release/D:/private/syncthing/obsidian.dvpsun/3C/misis2025f-25-check-run/misis2025f-25-00-polevoi-d-v/bin.check/doctest_queuel.exe.exe
 8/10 Test  #8: doctest_queuel ...................***Not Run   0.00 sec
      Start  9: doctest_stackl
Could not find executable D:/private/syncthing/obsidian.dvpsun/3C/misis2025f-25-check-run/misis2025f-25-00-polevoi-d-v/bin.check/doctest_stackl.exe
Looked in the following places:
D:/private/syncthing/obsidian.dvpsun/3C/misis2025f-25-check-run/misis2025f-25-00-polevoi-d-v/bin.check/doctest_stackl.exe
D:/private/syncthing/obsidian.dvpsun/3C/misis2025f-25-check-run/misis2025f-25-00-polevoi-d-v/bin.check/doctest_stackl.exe.exe
D:/private/syncthing/obsidian.dvpsun/3C/misis2025f-25-check-run/misis2025f-25-00-polevoi-d-v/bin.check/Release/doctest_stackl.exe
D:/private/syncthing/obsidian.dvpsun/3C/misis2025f-25-check-run/misis2025f-25-00-polevoi-d-v/bin.check/Release/doctest_stackl.exe.exe
Release/D:/private/syncthing/obsidian.dvpsun/3C/misis2025f-25-check-run/misis2025f-25-00-polevoi-d-v/bin.check/doctest_stackl.exe
Release/D:/private/syncthing/obsidian.dvpsun/3C/misis2025f-25-check-run/misis2025f-25-00-polevoi-d-v/bin.check/doctest_stackl.exe.exe
 9/10 Test  #9: doctest_stackl ...................***Not Run   0.00 sec
      Start 10: doctest_stacka
Could not find executable D:/private/syncthing/obsidian.dvpsun/3C/misis2025f-25-check-run/misis2025f-25-00-polevoi-d-v/bin.check/doctest_stacka.exe
Looked in the following places:
D:/private/syncthing/obsidian.dvpsun/3C/misis2025f-25-check-run/misis2025f-25-00-polevoi-d-v/bin.check/doctest_stacka.exe
D:/private/syncthing/obsidian.dvpsun/3C/misis2025f-25-check-run/misis2025f-25-00-polevoi-d-v/bin.check/doctest_stacka.exe.exe
D:/private/syncthing/obsidian.dvpsun/3C/misis2025f-25-check-run/misis2025f-25-00-polevoi-d-v/bin.check/Release/doctest_stacka.exe
D:/private/syncthing/obsidian.dvpsun/3C/misis2025f-25-check-run/misis2025f-25-00-polevoi-d-v/bin.check/Release/doctest_stacka.exe.exe
Release/D:/private/syncthing/obsidian.dvpsun/3C/misis2025f-25-check-run/misis2025f-25-00-polevoi-d-v/bin.check/doctest_stacka.exe
Release/D:/private/syncthing/obsidian.dvpsun/3C/misis2025f-25-check-run/misis2025f-25-00-polevoi-d-v/bin.check/doctest_stacka.exe.exe
10/10 Test #10: doctest_stacka ...................***Not Run   0.00 sec

0% tests passed, 10 tests failed out of 10

Total Test time (real) =   0.02 sec

The following tests FAILED:
	  1 - doctest_arrayd (Not Run)
	  2 - doctest_complex (Not Run)
	  3 - doctest_complex_io (Not Run)
	  4 - doctest_rational (Not Run)
	  5 - doctest_rational_io (Not Run)
	  6 - doctest_rational_contracts (Not Run)
	  7 - doctest_queuea (Not Run)
	  8 - doctest_queuel (Not Run)
	  9 - doctest_stackl (Not Run)
	 10 - doctest_stacka (Not Run)
